2024-04-18 09:48:31,647 INFO Received signal to terminate bot and event loop.
2024-04-18 09:48:31,649 INFO Cleaning up tasks.
2024-04-18 09:48:31,650 INFO Cleaning up after 5 tasks.
2024-04-18 09:48:31,670 INFO All tasks finished cancelling.
2024-04-18 09:48:31,671 INFO Closing the event loop.
2024-04-18 18:50:20,341 INFO BOT IS ON
2024-04-18 18:50:51,403 INFO Received signal to terminate bot and event loop.
2024-04-18 18:50:51,404 INFO Cleaning up tasks.
2024-04-18 18:50:51,407 INFO Cleaning up after 2 tasks.
2024-04-18 18:50:51,430 INFO All tasks finished cancelling.
2024-04-18 18:50:51,432 INFO Closing the event loop.
2024-04-18 18:58:51,178 INFO BOT IS ON
2024-04-18 18:58:55,330 INFO Received signal to terminate bot and event loop.
2024-04-18 18:58:55,330 INFO Cleaning up tasks.
2024-04-18 18:58:55,330 INFO Cleaning up after 2 tasks.
2024-04-18 18:58:55,331 INFO All tasks finished cancelling.
2024-04-18 18:58:55,331 INFO Closing the event loop.
2024-04-18 18:59:45,423 INFO BOT IS ON
2024-04-18 19:00:53,746 INFO Received signal to terminate bot and event loop.
2024-04-18 19:00:53,746 INFO Cleaning up tasks.
2024-04-18 19:00:53,747 INFO Cleaning up after 2 tasks.
2024-04-18 19:00:53,749 INFO All tasks finished cancelling.
2024-04-18 19:00:53,749 INFO Closing the event loop.
2024-04-18 19:22:20,390 INFO BOT IS ON
2024-04-18 19:22:22,391 INFO Received signal to terminate bot and event loop.
2024-04-18 19:22:22,391 INFO Cleaning up tasks.
2024-04-18 19:22:22,391 INFO Cleaning up after 2 tasks.
2024-04-18 19:22:22,392 INFO All tasks finished cancelling.
2024-04-18 19:22:22,392 INFO Closing the event loop.
2024-04-18 23:48:41,777 INFO BOT IS ON
2024-04-18 23:49:14,133 INFO Received signal to terminate bot and event loop.
2024-04-18 23:49:14,133 INFO Cleaning up tasks.
2024-04-18 23:49:14,134 INFO Cleaning up after 5 tasks.
2024-04-18 23:49:14,135 INFO All tasks finished cancelling.
2024-04-18 23:49:14,135 INFO Closing the event loop.
2024-04-18 23:49:57,341 INFO BOT IS ON
2024-04-18 23:50:51,103 INFO Received signal to terminate bot and event loop.
2024-04-18 23:50:51,104 INFO Cleaning up tasks.
2024-04-18 23:50:51,104 INFO Cleaning up after 4 tasks.
2024-04-18 23:50:51,106 INFO All tasks finished cancelling.
2024-04-18 23:50:51,106 INFO Closing the event loop.
2024-04-18 23:51:07,989 INFO BOT IS ON
2024-04-18 23:52:07,924 INFO Received signal to terminate bot and event loop.
2024-04-18 23:52:07,924 INFO Cleaning up tasks.
2024-04-18 23:52:07,924 INFO Cleaning up after 2 tasks.
2024-04-18 23:52:07,926 INFO All tasks finished cancelling.
2024-04-18 23:52:07,927 INFO Closing the event loop.
2024-04-19 01:09:06,334 INFO BOT IS ON
2024-04-19 01:09:27,828 INFO Received signal to terminate bot and event loop.
2024-04-19 01:09:27,828 INFO Cleaning up tasks.
2024-04-19 01:09:27,829 INFO Cleaning up after 2 tasks.
2024-04-19 01:09:27,830 INFO All tasks finished cancelling.
2024-04-19 01:09:27,830 INFO Closing the event loop.
2024-04-19 01:09:56,170 INFO BOT IS ON
2024-04-19 01:10:09,194 INFO Received signal to terminate bot and event loop.
2024-04-19 01:10:09,194 INFO Cleaning up tasks.
2024-04-19 01:10:09,194 INFO Cleaning up after 2 tasks.
2024-04-19 01:10:09,195 INFO All tasks finished cancelling.
2024-04-19 01:10:09,195 INFO Closing the event loop.
2024-04-19 01:10:29,089 INFO BOT IS ON
2024-04-19 01:10:44,378 INFO Received signal to terminate bot and event loop.
2024-04-19 01:10:44,378 INFO Cleaning up tasks.
2024-04-19 01:10:44,378 INFO Cleaning up after 2 tasks.
2024-04-19 01:10:44,379 INFO All tasks finished cancelling.
2024-04-19 01:10:44,379 INFO Closing the event loop.
2024-04-19 01:15:18,073 INFO BOT IS ON
2024-04-19 01:16:13,944 INFO Received signal to terminate bot and event loop.
2024-04-19 01:16:13,944 INFO Cleaning up tasks.
2024-04-19 01:16:13,944 INFO Cleaning up after 2 tasks.
2024-04-19 01:16:13,946 INFO All tasks finished cancelling.
2024-04-19 01:16:13,947 INFO Closing the event loop.
2024-04-19 01:16:28,061 INFO BOT IS ON
2024-04-19 01:16:43,257 INFO Received signal to terminate bot and event loop.
2024-04-19 01:16:43,257 INFO Cleaning up tasks.
2024-04-19 01:16:43,257 INFO Cleaning up after 2 tasks.
2024-04-19 01:16:43,258 INFO All tasks finished cancelling.
2024-04-19 01:16:43,259 INFO Closing the event loop.
2024-04-19 01:17:23,710 INFO BOT IS ON
2024-04-19 01:17:39,023 INFO Received signal to terminate bot and event loop.
2024-04-19 01:17:39,023 INFO Cleaning up tasks.
2024-04-19 01:17:39,023 INFO Cleaning up after 2 tasks.
2024-04-19 01:17:39,024 INFO All tasks finished cancelling.
2024-04-19 01:17:39,024 INFO Closing the event loop.
2024-04-19 01:18:15,376 INFO BOT IS ON
2024-04-19 01:18:30,616 INFO Received signal to terminate bot and event loop.
2024-04-19 01:18:30,616 INFO Cleaning up tasks.
2024-04-19 01:18:30,616 INFO Cleaning up after 2 tasks.
2024-04-19 01:18:30,617 INFO All tasks finished cancelling.
2024-04-19 01:18:30,617 INFO Closing the event loop.
2024-04-19 01:20:30,303 INFO BOT IS ON
2024-04-19 01:20:45,448 INFO Received signal to terminate bot and event loop.
2024-04-19 01:20:45,448 INFO Cleaning up tasks.
2024-04-19 01:20:45,448 INFO Cleaning up after 1 tasks.
2024-04-19 01:20:45,449 INFO All tasks finished cancelling.
2024-04-19 01:20:45,449 INFO Closing the event loop.
2024-04-19 01:20:45,477 ERROR Task exception was never retrieved
future: <Task finished name='disnake: on_ready' coro=<Client._run_event() done, defined at C:\Users\Flud\AppData\Roaming\Python\Python311\site-packages\disnake\client.py:695> exception=KeyboardInterrupt()>
Traceback (most recent call last):
  File "C:\Users\Flud\AppData\Roaming\Python\Python311\site-packages\disnake\client.py", line 1116, in run
    loop.run_forever()
  File "C:\Program Files\Python311\Lib\asyncio\windows_events.py", line 321, in run_forever
    super().run_forever()
  File "C:\Program Files\Python311\Lib\asyncio\base_events.py", line 607, in run_forever
    self._run_once()
  File "C:\Program Files\Python311\Lib\asyncio\base_events.py", line 1922, in _run_once
    handle._run()
  File "C:\Program Files\Python311\Lib\asyncio\events.py", line 80, in _run
    self._context.run(self._callback, *self._args)
  File "C:\Users\Flud\AppData\Roaming\Python\Python311\site-packages\disnake\client.py", line 703, in _run_event
    await coro(*args, **kwargs)
  File "C:\Users\Flud\Desktop\CASHFLOW for Me\main.py", line 61, in on_ready
    if await Get().fetchone("SELECT * FROM SELL") is not None:
       ^^^^^^^^^^^^^^^^^^^^^^^^^^^^^^^^^^^^^^^^^^
  File "C:\Users\Flud\Desktop\CASHFLOW for Me\base.py", line 89, in fetchone
    connection , cursor = await self.get_connection()
                          ^^^^^^^^^^^^^^^^^^^^^^^^^^^
  File "C:\Users\Flud\Desktop\CASHFLOW for Me\base.py", line 13, in get_connection
    connection = connect(
                 ^^^^^^^^
  File "C:\Users\Flud\AppData\Roaming\Python\Python311\site-packages\mysql\connector\pooling.py", line 323, in connect
    return MySQLConnection(*args, **kwargs)
           ^^^^^^^^^^^^^^^^^^^^^^^^^^^^^^^^
  File "C:\Users\Flud\AppData\Roaming\Python\Python311\site-packages\mysql\connector\connection.py", line 173, in __init__
    self.connect(**kwargs)
  File "C:\Users\Flud\AppData\Roaming\Python\Python311\site-packages\mysql\connector\abstracts.py", line 1363, in connect
    self._open_connection()
  File "C:\Users\Flud\AppData\Roaming\Python\Python311\site-packages\mysql\connector\connection.py", line 359, in _open_connection
    self._do_auth(
  File "C:\Users\Flud\AppData\Roaming\Python\Python311\site-packages\mysql\connector\connection.py", line 283, in _do_auth
    self._authenticator.setup_ssl(
  File "C:\Users\Flud\AppData\Roaming\Python\Python311\site-packages\mysql\connector\authentication.py", line 128, in setup_ssl
    ssl_context = sock.build_ssl_context(
                  ^^^^^^^^^^^^^^^^^^^^^^^
  File "C:\Users\Flud\AppData\Roaming\Python\Python311\site-packages\mysql\connector\network.py", line 585, in build_ssl_context
    context.load_default_certs()
  File "C:\Program Files\Python311\Lib\ssl.py", line 596, in load_default_certs
    self._load_windows_store_certs(storename, purpose)
  File "C:\Program Files\Python311\Lib\ssl.py", line 588, in _load_windows_store_certs
    self.load_verify_locations(cadata=certs)
KeyboardInterrupt
2024-04-19 01:21:10,237 INFO BOT IS ON
2024-04-19 01:21:27,772 INFO Received signal to terminate bot and event loop.
2024-04-19 01:21:27,772 INFO Cleaning up tasks.
2024-04-19 01:21:27,772 INFO Cleaning up after 2 tasks.
2024-04-19 01:21:27,773 INFO All tasks finished cancelling.
2024-04-19 01:21:27,773 INFO Closing the event loop.
2024-04-19 01:21:48,800 INFO BOT IS ON
2024-04-19 01:22:32,072 INFO Received signal to terminate bot and event loop.
2024-04-19 01:22:32,074 INFO Cleaning up tasks.
2024-04-19 01:22:32,074 INFO Cleaning up after 2 tasks.
2024-04-19 01:22:32,085 INFO All tasks finished cancelling.
2024-04-19 01:22:32,085 INFO Closing the event loop.
2024-04-19 01:22:46,346 INFO BOT IS ON
2024-04-19 01:23:08,800 INFO Received signal to terminate bot and event loop.
2024-04-19 01:23:08,801 INFO Cleaning up tasks.
2024-04-19 01:23:08,801 INFO Cleaning up after 2 tasks.
2024-04-19 01:23:08,803 INFO All tasks finished cancelling.
2024-04-19 01:23:08,803 INFO Closing the event loop.
2024-04-19 01:25:11,385 INFO BOT IS ON
2024-04-19 01:26:47,718 INFO Received signal to terminate bot and event loop.
2024-04-19 01:26:47,718 INFO Cleaning up tasks.
2024-04-19 01:26:47,719 INFO Cleaning up after 2 tasks.
2024-04-19 01:26:47,727 INFO All tasks finished cancelling.
2024-04-19 01:26:47,727 INFO Closing the event loop.
2024-04-19 01:27:09,510 INFO BOT IS ON
2024-04-19 01:28:03,331 INFO Received signal to terminate bot and event loop.
2024-04-19 01:28:03,331 INFO Cleaning up tasks.
2024-04-19 01:28:03,332 INFO Cleaning up after 2 tasks.
2024-04-19 01:28:03,334 INFO All tasks finished cancelling.
2024-04-19 01:28:03,334 INFO Closing the event loop.
2024-04-19 01:28:15,777 INFO BOT IS ON
2024-04-19 01:28:43,707 INFO Received signal to terminate bot and event loop.
2024-04-19 01:28:43,707 INFO Cleaning up tasks.
2024-04-19 01:28:43,707 INFO Cleaning up after 2 tasks.
2024-04-19 01:28:43,709 INFO All tasks finished cancelling.
2024-04-19 01:28:43,709 INFO Closing the event loop.
2024-04-19 01:29:05,316 INFO BOT IS ON
2024-04-19 01:29:52,524 INFO Received signal to terminate bot and event loop.
2024-04-19 01:29:52,524 INFO Cleaning up tasks.
2024-04-19 01:29:52,524 INFO Cleaning up after 2 tasks.
2024-04-19 01:29:52,525 INFO All tasks finished cancelling.
2024-04-19 01:29:52,525 INFO Closing the event loop.
2024-04-19 10:39:55,269 INFO BOT IS ON
2024-04-19 10:40:21,372 INFO Received signal to terminate bot and event loop.
2024-04-19 10:40:21,376 INFO Cleaning up tasks.
2024-04-19 10:40:21,378 INFO Cleaning up after 2 tasks.
2024-04-19 10:40:21,398 INFO All tasks finished cancelling.
2024-04-19 10:40:21,399 INFO Closing the event loop.
2024-04-19 10:41:02,658 INFO BOT IS ON
2024-04-19 10:41:26,612 INFO Received signal to terminate bot and event loop.
2024-04-19 10:41:26,613 INFO Cleaning up tasks.
2024-04-19 10:41:26,613 INFO Cleaning up after 2 tasks.
2024-04-19 10:41:26,616 INFO All tasks finished cancelling.
2024-04-19 10:41:26,616 INFO Closing the event loop.
2024-04-19 10:41:56,191 INFO BOT IS ON
2024-04-19 10:42:15,968 INFO Received signal to terminate bot and event loop.
2024-04-19 10:42:15,969 INFO Cleaning up tasks.
2024-04-19 10:42:15,969 INFO Cleaning up after 2 tasks.
2024-04-19 10:42:15,972 INFO All tasks finished cancelling.
2024-04-19 10:42:15,973 INFO Closing the event loop.
2024-04-19 10:43:28,558 INFO BOT IS ON
2024-04-19 10:44:29,362 INFO Received signal to terminate bot and event loop.
2024-04-19 10:44:29,363 INFO Cleaning up tasks.
2024-04-19 10:44:29,363 INFO Cleaning up after 2 tasks.
2024-04-19 10:44:29,365 INFO All tasks finished cancelling.
2024-04-19 10:44:29,365 INFO Closing the event loop.
2024-04-19 10:44:44,119 INFO BOT IS ON
2024-04-19 10:45:25,821 INFO Received signal to terminate bot and event loop.
2024-04-19 10:45:25,822 INFO Cleaning up tasks.
2024-04-19 10:45:25,822 INFO Cleaning up after 2 tasks.
2024-04-19 10:45:25,824 INFO All tasks finished cancelling.
2024-04-19 10:45:25,824 INFO Closing the event loop.
2024-04-19 10:46:05,921 INFO BOT IS ON
2024-04-19 10:47:47,200 INFO Received signal to terminate bot and event loop.
2024-04-19 10:47:47,203 INFO Cleaning up tasks.
2024-04-19 10:47:47,204 INFO Cleaning up after 2 tasks.
2024-04-19 10:47:47,218 INFO All tasks finished cancelling.
2024-04-19 10:47:47,219 INFO Closing the event loop.
2024-04-19 10:48:00,972 INFO BOT IS ON
2024-04-19 10:48:13,201 INFO Received signal to terminate bot and event loop.
2024-04-19 10:48:13,201 INFO Cleaning up tasks.
2024-04-19 10:48:13,201 INFO Cleaning up after 2 tasks.
2024-04-19 10:48:13,202 INFO All tasks finished cancelling.
2024-04-19 10:48:13,202 INFO Closing the event loop.
2024-04-19 10:51:30,631 INFO BOT IS ON
2024-04-19 10:51:48,304 INFO Received signal to terminate bot and event loop.
2024-04-19 10:51:48,304 INFO Cleaning up tasks.
2024-04-19 10:51:48,305 INFO Cleaning up after 2 tasks.
2024-04-19 10:51:48,306 INFO All tasks finished cancelling.
2024-04-19 10:51:48,306 INFO Closing the event loop.
2024-04-19 10:54:24,041 INFO BOT IS ON
2024-04-19 10:55:02,943 INFO Received signal to terminate bot and event loop.
2024-04-19 10:55:02,943 INFO Cleaning up tasks.
2024-04-19 10:55:02,943 INFO Cleaning up after 2 tasks.
2024-04-19 10:55:02,945 INFO All tasks finished cancelling.
2024-04-19 10:55:02,946 INFO Closing the event loop.
2024-04-19 10:55:22,517 INFO BOT IS ON
2024-04-19 10:56:01,515 INFO Received signal to terminate bot and event loop.
2024-04-19 10:56:01,516 INFO Cleaning up tasks.
2024-04-19 10:56:01,516 INFO Cleaning up after 2 tasks.
2024-04-19 10:56:01,519 INFO All tasks finished cancelling.
2024-04-19 10:56:01,519 INFO Closing the event loop.
2024-04-19 10:56:17,537 INFO BOT IS ON
2024-04-19 10:56:43,293 INFO Received signal to terminate bot and event loop.
2024-04-19 10:56:43,293 INFO Cleaning up tasks.
2024-04-19 10:56:43,293 INFO Cleaning up after 2 tasks.
2024-04-19 10:56:43,295 INFO All tasks finished cancelling.
2024-04-19 10:56:43,296 INFO Closing the event loop.
2024-04-19 11:37:27,450 INFO BOT IS ON
2024-04-19 11:37:44,945 INFO Received signal to terminate bot and event loop.
2024-04-19 11:37:44,945 INFO Cleaning up tasks.
2024-04-19 11:37:44,945 INFO Cleaning up after 2 tasks.
2024-04-19 11:37:44,947 INFO All tasks finished cancelling.
2024-04-19 11:37:44,947 INFO Closing the event loop.
2024-04-19 11:38:04,895 INFO BOT IS ON
2024-04-19 11:38:20,028 INFO Received signal to terminate bot and event loop.
2024-04-19 11:38:20,028 INFO Cleaning up tasks.
2024-04-19 11:38:20,028 INFO Cleaning up after 2 tasks.
2024-04-19 11:38:20,029 INFO All tasks finished cancelling.
2024-04-19 11:38:20,030 INFO Closing the event loop.
2024-04-19 11:39:13,000 INFO BOT IS ON
2024-04-19 11:39:36,669 INFO Received signal to terminate bot and event loop.
2024-04-19 11:39:36,669 INFO Cleaning up tasks.
2024-04-19 11:39:36,669 INFO Cleaning up after 2 tasks.
2024-04-19 11:39:36,670 INFO All tasks finished cancelling.
2024-04-19 11:39:36,670 INFO Closing the event loop.
2024-04-19 11:41:53,284 INFO BOT IS ON
2024-04-19 11:42:08,736 INFO Received signal to terminate bot and event loop.
2024-04-19 11:42:08,736 INFO Cleaning up tasks.
2024-04-19 11:42:08,736 INFO Cleaning up after 2 tasks.
2024-04-19 11:42:08,737 INFO All tasks finished cancelling.
2024-04-19 11:42:08,738 INFO Closing the event loop.
2024-04-19 11:46:00,176 INFO BOT IS ON
2024-04-19 11:46:20,209 INFO Received signal to terminate bot and event loop.
2024-04-19 11:46:20,209 INFO Cleaning up tasks.
2024-04-19 11:46:20,209 INFO Cleaning up after 2 tasks.
2024-04-19 11:46:20,211 INFO All tasks finished cancelling.
2024-04-19 11:46:20,211 INFO Closing the event loop.
2024-04-19 11:46:57,624 INFO BOT IS ON
2024-04-19 11:47:17,230 INFO Received signal to terminate bot and event loop.
2024-04-19 11:47:17,230 INFO Cleaning up tasks.
2024-04-19 11:47:17,230 INFO Cleaning up after 2 tasks.
2024-04-19 11:47:17,232 INFO All tasks finished cancelling.
2024-04-19 11:47:17,233 INFO Closing the event loop.
2024-04-19 11:51:22,680 INFO BOT IS ON
2024-04-19 11:51:40,381 INFO Received signal to terminate bot and event loop.
2024-04-19 11:51:40,381 INFO Cleaning up tasks.
2024-04-19 11:51:40,381 INFO Cleaning up after 2 tasks.
2024-04-19 11:51:40,382 INFO All tasks finished cancelling.
2024-04-19 11:51:40,382 INFO Closing the event loop.
2024-04-19 11:52:52,705 INFO BOT IS ON
2024-04-19 11:53:05,205 INFO Received signal to terminate bot and event loop.
2024-04-19 11:53:05,205 INFO Cleaning up tasks.
2024-04-19 11:53:05,205 INFO Cleaning up after 2 tasks.
2024-04-19 11:53:05,206 INFO All tasks finished cancelling.
2024-04-19 11:53:05,206 INFO Closing the event loop.
2024-04-19 11:53:49,297 INFO BOT IS ON
2024-04-19 11:54:04,730 INFO Received signal to terminate bot and event loop.
2024-04-19 11:54:04,731 INFO Cleaning up tasks.
2024-04-19 11:54:04,731 INFO Cleaning up after 2 tasks.
2024-04-19 11:54:04,733 INFO All tasks finished cancelling.
2024-04-19 11:54:04,733 INFO Closing the event loop.
2024-04-19 11:54:27,382 INFO BOT IS ON
2024-04-19 11:54:42,923 INFO Received signal to terminate bot and event loop.
2024-04-19 11:54:42,923 INFO Cleaning up tasks.
2024-04-19 11:54:42,923 INFO Cleaning up after 2 tasks.
2024-04-19 11:54:42,926 INFO All tasks finished cancelling.
2024-04-19 11:54:42,926 INFO Closing the event loop.
2024-04-19 11:56:06,256 INFO BOT IS ON
2024-04-19 11:56:21,596 INFO Received signal to terminate bot and event loop.
2024-04-19 11:56:21,596 INFO Cleaning up tasks.
2024-04-19 11:56:21,596 INFO Cleaning up after 2 tasks.
2024-04-19 11:56:21,597 INFO All tasks finished cancelling.
2024-04-19 11:56:21,597 INFO Closing the event loop.
2024-04-19 11:57:00,456 INFO BOT IS ON
2024-04-19 11:57:22,315 INFO Received signal to terminate bot and event loop.
2024-04-19 11:57:22,315 INFO Cleaning up tasks.
2024-04-19 11:57:22,315 INFO Cleaning up after 2 tasks.
2024-04-19 11:57:22,316 INFO All tasks finished cancelling.
2024-04-19 11:57:22,316 INFO Closing the event loop.
2024-04-19 11:57:58,660 INFO BOT IS ON
2024-04-19 11:58:14,085 INFO Received signal to terminate bot and event loop.
2024-04-19 11:58:14,085 INFO Cleaning up tasks.
2024-04-19 11:58:14,085 INFO Cleaning up after 2 tasks.
2024-04-19 11:58:14,087 INFO All tasks finished cancelling.
2024-04-19 11:58:14,087 INFO Closing the event loop.
2024-04-19 11:58:51,610 INFO BOT IS ON
2024-04-19 11:59:07,007 INFO Received signal to terminate bot and event loop.
2024-04-19 11:59:07,007 INFO Cleaning up tasks.
2024-04-19 11:59:07,007 INFO Cleaning up after 2 tasks.
2024-04-19 11:59:07,009 INFO All tasks finished cancelling.
2024-04-19 11:59:07,009 INFO Closing the event loop.
2024-04-19 11:59:33,294 INFO BOT IS ON
2024-04-19 11:59:50,968 INFO Received signal to terminate bot and event loop.
2024-04-19 11:59:50,968 INFO Cleaning up tasks.
2024-04-19 11:59:50,969 INFO Cleaning up after 2 tasks.
2024-04-19 11:59:50,972 INFO All tasks finished cancelling.
2024-04-19 11:59:50,972 INFO Closing the event loop.
2024-04-19 12:00:12,392 INFO BOT IS ON
2024-04-19 12:00:27,735 INFO Received signal to terminate bot and event loop.
2024-04-19 12:00:27,735 INFO Cleaning up tasks.
2024-04-19 12:00:27,735 INFO Cleaning up after 2 tasks.
2024-04-19 12:00:27,737 INFO All tasks finished cancelling.
2024-04-19 12:00:27,738 INFO Closing the event loop.
2024-04-19 12:00:52,022 INFO BOT IS ON
2024-04-19 12:01:07,450 INFO Received signal to terminate bot and event loop.
2024-04-19 12:01:07,450 INFO Cleaning up tasks.
2024-04-19 12:01:07,450 INFO Cleaning up after 2 tasks.
2024-04-19 12:01:07,451 INFO All tasks finished cancelling.
2024-04-19 12:01:07,452 INFO Closing the event loop.
2024-04-19 12:01:46,014 INFO BOT IS ON
2024-04-19 12:02:05,944 INFO Received signal to terminate bot and event loop.
2024-04-19 12:02:05,945 INFO Cleaning up tasks.
2024-04-19 12:02:05,945 INFO Cleaning up after 2 tasks.
2024-04-19 12:02:05,947 INFO All tasks finished cancelling.
2024-04-19 12:02:05,947 INFO Closing the event loop.
2024-04-19 12:04:54,526 INFO BOT IS ON
2024-04-19 12:05:14,511 INFO Received signal to terminate bot and event loop.
2024-04-19 12:05:14,511 INFO Cleaning up tasks.
2024-04-19 12:05:14,511 INFO Cleaning up after 2 tasks.
2024-04-19 12:05:14,514 INFO All tasks finished cancelling.
2024-04-19 12:05:14,514 INFO Closing the event loop.
2024-04-19 12:08:46,651 INFO BOT IS ON
2024-04-19 12:09:06,868 INFO Received signal to terminate bot and event loop.
2024-04-19 12:09:06,869 INFO Cleaning up tasks.
2024-04-19 12:09:06,869 INFO Cleaning up after 2 tasks.
2024-04-19 12:09:06,872 INFO All tasks finished cancelling.
2024-04-19 12:09:06,872 INFO Closing the event loop.
2024-04-19 12:12:19,738 INFO BOT IS ON
2024-04-19 12:12:35,089 INFO Received signal to terminate bot and event loop.
2024-04-19 12:12:35,089 INFO Cleaning up tasks.
2024-04-19 12:12:35,089 INFO Cleaning up after 2 tasks.
2024-04-19 12:12:35,090 INFO All tasks finished cancelling.
2024-04-19 12:12:35,090 INFO Closing the event loop.
2024-04-19 12:27:04,147 INFO BOT IS ON
2024-04-19 12:31:42,487 INFO Received signal to terminate bot and event loop.
2024-04-19 12:31:42,490 INFO Cleaning up tasks.
2024-04-19 12:31:42,491 INFO Cleaning up after 1 tasks.
2024-04-19 12:31:42,507 INFO All tasks finished cancelling.
2024-04-19 12:31:42,508 INFO Closing the event loop.
2024-04-19 12:31:42,809 ERROR Task exception was never retrieved
future: <Task finished name='disnake: on_ready' coro=<Client._run_event() done, defined at C:\Users\Flud\AppData\Roaming\Python\Python311\site-packages\disnake\client.py:695> exception=KeyboardInterrupt()>
Traceback (most recent call last):
  File "C:\Users\Flud\AppData\Roaming\Python\Python311\site-packages\disnake\client.py", line 1116, in run
    loop.run_forever()
  File "C:\Program Files\Python311\Lib\asyncio\windows_events.py", line 321, in run_forever
    super().run_forever()
  File "C:\Program Files\Python311\Lib\asyncio\base_events.py", line 607, in run_forever
    self._run_once()
  File "C:\Program Files\Python311\Lib\asyncio\base_events.py", line 1922, in _run_once
    handle._run()
  File "C:\Program Files\Python311\Lib\asyncio\events.py", line 80, in _run
    self._context.run(self._callback, *self._args)
  File "C:\Users\Flud\AppData\Roaming\Python\Python311\site-packages\disnake\client.py", line 703, in _run_event
    await coro(*args, **kwargs)
  File "C:\Users\Flud\Desktop\CASHFLOW for Me\main.py", line 46, in on_ready
    if await Get().fetchone("SELECT * FROM BUY") is not None:
       ^^^^^^^^^^^^^^^^^^^^^^^^^^^^^^^^^^^^^^^^^
  File "C:\Users\Flud\Desktop\CASHFLOW for Me\base.py", line 89, in fetchone
    connection , cursor = await self.get_connection()
                          ^^^^^^^^^^^^^^^^^^^^^^^^^^^
  File "C:\Users\Flud\Desktop\CASHFLOW for Me\base.py", line 13, in get_connection
    connection = connect(
                 ^^^^^^^^
  File "C:\Users\Flud\AppData\Roaming\Python\Python311\site-packages\mysql\connector\pooling.py", line 323, in connect
    return MySQLConnection(*args, **kwargs)
           ^^^^^^^^^^^^^^^^^^^^^^^^^^^^^^^^
  File "C:\Users\Flud\AppData\Roaming\Python\Python311\site-packages\mysql\connector\connection.py", line 173, in __init__
    self.connect(**kwargs)
  File "C:\Users\Flud\AppData\Roaming\Python\Python311\site-packages\mysql\connector\abstracts.py", line 1363, in connect
    self._open_connection()
  File "C:\Users\Flud\AppData\Roaming\Python\Python311\site-packages\mysql\connector\connection.py", line 359, in _open_connection
    self._do_auth(
  File "C:\Users\Flud\AppData\Roaming\Python\Python311\site-packages\mysql\connector\connection.py", line 283, in _do_auth
    self._authenticator.setup_ssl(
  File "C:\Users\Flud\AppData\Roaming\Python\Python311\site-packages\mysql\connector\authentication.py", line 139, in setup_ssl
    sock.switch_to_ssl(ssl_context, host)
  File "C:\Users\Flud\AppData\Roaming\Python\Python311\site-packages\mysql\connector\network.py", line 506, in switch_to_ssl
    self.sock = ssl_context.wrap_socket(self.sock, server_hostname=host)
                ^^^^^^^^^^^^^^^^^^^^^^^^^^^^^^^^^^^^^^^^^^^^^^^^^^^^^^^^
  File "C:\Program Files\Python311\Lib\ssl.py", line 517, in wrap_socket
    return self.sslsocket_class._create(
           ^^^^^^^^^^^^^^^^^^^^^^^^^^^^^
  File "C:\Program Files\Python311\Lib\ssl.py", line 1108, in _create
    self.do_handshake()
  File "C:\Program Files\Python311\Lib\ssl.py", line 1379, in do_handshake
    self._sslobj.do_handshake()
KeyboardInterrupt
2024-04-19 12:31:58,393 INFO BOT IS ON
2024-04-19 12:32:33,348 INFO Received signal to terminate bot and event loop.
2024-04-19 12:32:33,349 INFO Cleaning up tasks.
2024-04-19 12:32:33,349 INFO Cleaning up after 2 tasks.
2024-04-19 12:32:33,350 INFO All tasks finished cancelling.
2024-04-19 12:32:33,350 INFO Closing the event loop.
2024-04-19 12:32:56,828 INFO BOT IS ON
2024-04-19 12:34:01,849 INFO Received signal to terminate bot and event loop.
2024-04-19 12:34:01,849 INFO Cleaning up tasks.
2024-04-19 12:34:01,849 INFO Cleaning up after 2 tasks.
2024-04-19 12:34:01,850 INFO All tasks finished cancelling.
2024-04-19 12:34:01,850 INFO Closing the event loop.
2024-04-19 12:34:24,569 INFO BOT IS ON
2024-04-19 12:35:39,926 INFO Received signal to terminate bot and event loop.
2024-04-19 12:35:39,926 INFO Cleaning up tasks.
2024-04-19 12:35:39,927 INFO Cleaning up after 2 tasks.
2024-04-19 12:35:39,929 INFO All tasks finished cancelling.
2024-04-19 12:35:39,929 INFO Closing the event loop.
2024-04-19 12:35:59,678 INFO BOT IS ON
2024-04-19 12:39:44,124 INFO Received signal to terminate bot and event loop.
2024-04-19 12:39:44,127 INFO Cleaning up tasks.
2024-04-19 12:39:44,128 INFO Cleaning up after 1 tasks.
2024-04-19 12:39:44,144 INFO All tasks finished cancelling.
2024-04-19 12:39:44,144 INFO Closing the event loop.
2024-04-19 12:39:44,262 ERROR Task exception was never retrieved
future: <Task finished name='disnake: on_ready' coro=<Client._run_event() done, defined at C:\Users\Flud\AppData\Roaming\Python\Python311\site-packages\disnake\client.py:695> exception=KeyboardInterrupt()>
Traceback (most recent call last):
  File "C:\Users\Flud\AppData\Roaming\Python\Python311\site-packages\disnake\client.py", line 1116, in run
    loop.run_forever()
  File "C:\Program Files\Python311\Lib\asyncio\windows_events.py", line 321, in run_forever
    super().run_forever()
  File "C:\Program Files\Python311\Lib\asyncio\base_events.py", line 607, in run_forever
    self._run_once()
  File "C:\Program Files\Python311\Lib\asyncio\base_events.py", line 1922, in _run_once
    handle._run()
  File "C:\Program Files\Python311\Lib\asyncio\events.py", line 80, in _run
    self._context.run(self._callback, *self._args)
  File "C:\Users\Flud\AppData\Roaming\Python\Python311\site-packages\disnake\client.py", line 703, in _run_event
    await coro(*args, **kwargs)
  File "C:\Users\Flud\Desktop\CASHFLOW for Me\main.py", line 46, in on_ready
    if await Get().fetchone("SELECT * FROM BUY") is not None:
       ^^^^^^^^^^^^^^^^^^^^^^^^^^^^^^^^^^^^^^^^^
  File "C:\Users\Flud\Desktop\CASHFLOW for Me\base.py", line 89, in fetchone
    connection , cursor = await self.get_connection()
                          ^^^^^^^^^^^^^^^^^^^^^^^^^^^
  File "C:\Users\Flud\Desktop\CASHFLOW for Me\base.py", line 13, in get_connection
    connection = connect(
                 ^^^^^^^^
  File "C:\Users\Flud\AppData\Roaming\Python\Python311\site-packages\mysql\connector\pooling.py", line 323, in connect
    return MySQLConnection(*args, **kwargs)
           ^^^^^^^^^^^^^^^^^^^^^^^^^^^^^^^^
  File "C:\Users\Flud\AppData\Roaming\Python\Python311\site-packages\mysql\connector\connection.py", line 173, in __init__
    self.connect(**kwargs)
  File "C:\Users\Flud\AppData\Roaming\Python\Python311\site-packages\mysql\connector\abstracts.py", line 1363, in connect
    self._open_connection()
  File "C:\Users\Flud\AppData\Roaming\Python\Python311\site-packages\mysql\connector\connection.py", line 359, in _open_connection
    self._do_auth(
  File "C:\Users\Flud\AppData\Roaming\Python\Python311\site-packages\mysql\connector\connection.py", line 283, in _do_auth
    self._authenticator.setup_ssl(
  File "C:\Users\Flud\AppData\Roaming\Python\Python311\site-packages\mysql\connector\authentication.py", line 128, in setup_ssl
    ssl_context = sock.build_ssl_context(
                  ^^^^^^^^^^^^^^^^^^^^^^^
  File "C:\Users\Flud\AppData\Roaming\Python\Python311\site-packages\mysql\connector\network.py", line 574, in build_ssl_context
    context = ssl.create_default_context()
              ^^^^^^^^^^^^^^^^^^^^^^^^^^^^
  File "C:\Program Files\Python311\Lib\ssl.py", line 775, in create_default_context
    context.load_default_certs(purpose)
  File "C:\Program Files\Python311\Lib\ssl.py", line 596, in load_default_certs
    self._load_windows_store_certs(storename, purpose)
  File "C:\Program Files\Python311\Lib\ssl.py", line 588, in _load_windows_store_certs
    self.load_verify_locations(cadata=certs)
KeyboardInterrupt
2024-04-19 12:39:58,229 INFO BOT IS ON
2024-04-19 12:41:24,781 INFO Received signal to terminate bot and event loop.
2024-04-19 12:41:24,782 INFO Cleaning up tasks.
2024-04-19 12:41:24,783 INFO Cleaning up after 2 tasks.
2024-04-19 12:41:24,802 INFO All tasks finished cancelling.
2024-04-19 12:41:24,803 INFO Closing the event loop.
2024-04-19 12:41:39,399 INFO BOT IS ON
2024-04-19 12:43:20,209 INFO Received signal to terminate bot and event loop.
2024-04-19 12:43:20,212 INFO Cleaning up tasks.
2024-04-19 12:43:20,213 INFO Cleaning up after 2 tasks.
2024-04-19 12:43:20,228 INFO All tasks finished cancelling.
2024-04-19 12:43:20,228 INFO Closing the event loop.
2024-04-19 12:46:43,547 INFO BOT IS ON
2024-04-19 12:47:35,328 INFO Received signal to terminate bot and event loop.
2024-04-19 12:47:35,328 INFO Cleaning up tasks.
2024-04-19 12:47:35,328 INFO Cleaning up after 2 tasks.
2024-04-19 12:47:35,330 INFO All tasks finished cancelling.
2024-04-19 12:47:35,330 INFO Closing the event loop.
2024-04-19 12:47:50,693 INFO BOT IS ON
2024-04-19 12:48:40,611 INFO Received signal to terminate bot and event loop.
2024-04-19 12:48:40,611 INFO Cleaning up tasks.
2024-04-19 12:48:40,612 INFO Cleaning up after 2 tasks.
2024-04-19 12:48:40,613 INFO All tasks finished cancelling.
2024-04-19 12:48:40,613 INFO Closing the event loop.
2024-04-19 12:48:55,803 INFO BOT IS ON
2024-04-19 12:49:15,513 INFO Received signal to terminate bot and event loop.
2024-04-19 12:49:15,513 INFO Cleaning up tasks.
2024-04-19 12:49:15,514 INFO Cleaning up after 2 tasks.
2024-04-19 12:49:15,516 INFO All tasks finished cancelling.
2024-04-19 12:49:15,516 INFO Closing the event loop.
2024-04-19 12:52:35,437 INFO BOT IS ON
2024-04-19 12:52:55,273 INFO Received signal to terminate bot and event loop.
2024-04-19 12:52:55,273 INFO Cleaning up tasks.
2024-04-19 12:52:55,273 INFO Cleaning up after 2 tasks.
2024-04-19 12:52:55,275 INFO All tasks finished cancelling.
2024-04-19 12:52:55,275 INFO Closing the event loop.
2024-04-19 12:53:42,769 INFO BOT IS ON
2024-04-19 12:54:04,697 INFO Received signal to terminate bot and event loop.
2024-04-19 12:54:04,697 INFO Cleaning up tasks.
2024-04-19 12:54:04,697 INFO Cleaning up after 2 tasks.
2024-04-19 12:54:04,699 INFO All tasks finished cancelling.
2024-04-19 12:54:04,699 INFO Closing the event loop.
2024-04-19 13:15:17,964 INFO BOT IS ON
2024-04-19 13:15:39,921 INFO Received signal to terminate bot and event loop.
2024-04-19 13:15:39,922 INFO Cleaning up tasks.
2024-04-19 13:15:39,922 INFO Cleaning up after 2 tasks.
2024-04-19 13:15:39,924 INFO All tasks finished cancelling.
2024-04-19 13:15:39,924 INFO Closing the event loop.
2024-04-19 13:16:41,980 INFO BOT IS ON
2024-04-19 13:23:18,936 INFO Received signal to terminate bot and event loop.
2024-04-19 13:23:18,938 INFO Cleaning up tasks.
2024-04-19 13:23:18,939 INFO Cleaning up after 2 tasks.
2024-04-19 13:23:18,952 INFO All tasks finished cancelling.
2024-04-19 13:23:18,952 INFO Closing the event loop.
2024-04-19 13:31:10,904 INFO BOT IS ON
2024-04-19 13:32:13,613 INFO Received signal to terminate bot and event loop.
2024-04-19 13:32:13,614 INFO Cleaning up tasks.
2024-04-19 13:32:13,614 INFO Cleaning up after 2 tasks.
2024-04-19 13:32:13,623 INFO All tasks finished cancelling.
2024-04-19 13:32:13,623 INFO Closing the event loop.
2024-04-19 13:33:15,979 INFO BOT IS ON
2024-04-19 13:34:06,391 INFO Received signal to terminate bot and event loop.
2024-04-19 13:34:06,394 INFO Cleaning up tasks.
2024-04-19 13:34:06,395 INFO Cleaning up after 1 tasks.
2024-04-19 13:34:06,421 INFO All tasks finished cancelling.
2024-04-19 13:34:06,421 INFO Closing the event loop.
2024-04-19 13:34:06,858 ERROR Task exception was never retrieved
future: <Task finished name='disnake: on_ready' coro=<Client._run_event() done, defined at C:\Users\Flud\AppData\Roaming\Python\Python311\site-packages\disnake\client.py:695> exception=KeyboardInterrupt()>
Traceback (most recent call last):
  File "C:\Users\Flud\AppData\Roaming\Python\Python311\site-packages\disnake\client.py", line 1116, in run
    loop.run_forever()
  File "C:\Program Files\Python311\Lib\asyncio\windows_events.py", line 321, in run_forever
    super().run_forever()
  File "C:\Program Files\Python311\Lib\asyncio\base_events.py", line 607, in run_forever
    self._run_once()
  File "C:\Program Files\Python311\Lib\asyncio\base_events.py", line 1922, in _run_once
    handle._run()
  File "C:\Program Files\Python311\Lib\asyncio\events.py", line 80, in _run
    self._context.run(self._callback, *self._args)
  File "C:\Users\Flud\AppData\Roaming\Python\Python311\site-packages\disnake\client.py", line 703, in _run_event
    await coro(*args, **kwargs)
  File "C:\Users\Flud\Desktop\CASHFLOW for Me\main.py", line 80, in on_ready
    if await Get().fetchone("SELECT * FROM START") is not None:
       ^^^^^^^^^^^^^^^^^^^^^^^^^^^^^^^^^^^^^^^^^^^
  File "C:\Users\Flud\Desktop\CASHFLOW for Me\base.py", line 89, in fetchone
    connection , cursor = await self.get_connection()
                          ^^^^^^^^^^^^^^^^^^^^^^^^^^^
  File "C:\Users\Flud\Desktop\CASHFLOW for Me\base.py", line 13, in get_connection
    connection = connect(
                 ^^^^^^^^
  File "C:\Users\Flud\AppData\Roaming\Python\Python311\site-packages\mysql\connector\pooling.py", line 323, in connect
    return MySQLConnection(*args, **kwargs)
           ^^^^^^^^^^^^^^^^^^^^^^^^^^^^^^^^
  File "C:\Users\Flud\AppData\Roaming\Python\Python311\site-packages\mysql\connector\connection.py", line 173, in __init__
    self.connect(**kwargs)
  File "C:\Users\Flud\AppData\Roaming\Python\Python311\site-packages\mysql\connector\abstracts.py", line 1363, in connect
    self._open_connection()
  File "C:\Users\Flud\AppData\Roaming\Python\Python311\site-packages\mysql\connector\connection.py", line 359, in _open_connection
    self._do_auth(
  File "C:\Users\Flud\AppData\Roaming\Python\Python311\site-packages\mysql\connector\connection.py", line 283, in _do_auth
    self._authenticator.setup_ssl(
  File "C:\Users\Flud\AppData\Roaming\Python\Python311\site-packages\mysql\connector\authentication.py", line 128, in setup_ssl
    ssl_context = sock.build_ssl_context(
                  ^^^^^^^^^^^^^^^^^^^^^^^
  File "C:\Users\Flud\AppData\Roaming\Python\Python311\site-packages\mysql\connector\network.py", line 585, in build_ssl_context
    context.load_default_certs()
  File "C:\Program Files\Python311\Lib\ssl.py", line 596, in load_default_certs
    self._load_windows_store_certs(storename, purpose)
  File "C:\Program Files\Python311\Lib\ssl.py", line 588, in _load_windows_store_certs
    self.load_verify_locations(cadata=certs)
KeyboardInterrupt
2024-04-19 13:39:59,535 INFO BOT IS ON
2024-04-19 13:40:14,438 INFO Received signal to terminate bot and event loop.
2024-04-19 13:40:14,438 INFO Cleaning up tasks.
2024-04-19 13:40:14,438 INFO Cleaning up after 2 tasks.
2024-04-19 13:40:14,439 INFO All tasks finished cancelling.
2024-04-19 13:40:14,439 INFO Closing the event loop.
2024-04-19 13:41:01,994 INFO BOT IS ON
2024-04-19 13:41:16,957 INFO Received signal to terminate bot and event loop.
2024-04-19 13:41:16,957 INFO Cleaning up tasks.
2024-04-19 13:41:16,957 INFO Cleaning up after 2 tasks.
2024-04-19 13:41:16,959 INFO All tasks finished cancelling.
2024-04-19 13:41:16,960 INFO Closing the event loop.
2024-04-19 13:41:49,536 INFO BOT IS ON
2024-04-19 13:42:06,585 INFO Received signal to terminate bot and event loop.
2024-04-19 13:42:06,585 INFO Cleaning up tasks.
2024-04-19 13:42:06,585 INFO Cleaning up after 2 tasks.
2024-04-19 13:42:06,586 INFO All tasks finished cancelling.
2024-04-19 13:42:06,587 INFO Closing the event loop.
2024-04-19 13:42:33,433 INFO BOT IS ON
2024-04-19 13:42:54,912 INFO Received signal to terminate bot and event loop.
2024-04-19 13:42:54,914 INFO Cleaning up tasks.
2024-04-19 13:42:54,914 INFO Cleaning up after 2 tasks.
2024-04-19 13:42:54,919 INFO All tasks finished cancelling.
2024-04-19 13:42:54,920 INFO Closing the event loop.
2024-04-19 13:44:17,858 INFO BOT IS ON
2024-04-19 13:46:13,154 INFO Received signal to terminate bot and event loop.
2024-04-19 13:46:13,155 INFO Cleaning up tasks.
2024-04-19 13:46:13,156 INFO Cleaning up after 2 tasks.
2024-04-19 13:46:13,166 INFO All tasks finished cancelling.
2024-04-19 13:46:13,166 INFO Closing the event loop.
2024-04-19 13:46:28,293 INFO BOT IS ON
2024-04-19 13:47:28,733 INFO Received signal to terminate bot and event loop.
2024-04-19 13:47:28,734 INFO Cleaning up tasks.
2024-04-19 13:47:28,734 INFO Cleaning up after 2 tasks.
2024-04-19 13:47:28,736 INFO All tasks finished cancelling.
2024-04-19 13:47:28,736 INFO Closing the event loop.
2024-04-19 13:47:47,769 INFO BOT IS ON
2024-04-19 13:48:06,974 INFO Received signal to terminate bot and event loop.
2024-04-19 13:48:06,974 INFO Cleaning up tasks.
2024-04-19 13:48:06,974 INFO Cleaning up after 2 tasks.
2024-04-19 13:48:06,975 INFO All tasks finished cancelling.
2024-04-19 13:48:06,976 INFO Closing the event loop.
2024-04-19 13:48:58,372 INFO BOT IS ON
2024-04-19 13:49:13,263 INFO Received signal to terminate bot and event loop.
2024-04-19 13:49:13,263 INFO Cleaning up tasks.
2024-04-19 13:49:13,263 INFO Cleaning up after 2 tasks.
2024-04-19 13:49:13,264 INFO All tasks finished cancelling.
2024-04-19 13:49:13,265 INFO Closing the event loop.
2024-04-19 13:49:28,046 INFO BOT IS ON
2024-04-19 13:49:47,511 INFO Received signal to terminate bot and event loop.
2024-04-19 13:49:47,511 INFO Cleaning up tasks.
2024-04-19 13:49:47,511 INFO Cleaning up after 1 tasks.
2024-04-19 13:49:47,514 INFO All tasks finished cancelling.
2024-04-19 13:49:47,514 INFO Closing the event loop.
2024-04-19 13:49:47,890 ERROR Task exception was never retrieved
future: <Task finished name='disnake: on_ready' coro=<Client._run_event() done, defined at C:\Users\Flud\AppData\Roaming\Python\Python311\site-packages\disnake\client.py:695> exception=KeyboardInterrupt()>
Traceback (most recent call last):
  File "C:\Users\Flud\AppData\Roaming\Python\Python311\site-packages\disnake\client.py", line 1116, in run
    loop.run_forever()
  File "C:\Program Files\Python311\Lib\asyncio\windows_events.py", line 321, in run_forever
    super().run_forever()
  File "C:\Program Files\Python311\Lib\asyncio\base_events.py", line 607, in run_forever
    self._run_once()
  File "C:\Program Files\Python311\Lib\asyncio\base_events.py", line 1922, in _run_once
    handle._run()
  File "C:\Program Files\Python311\Lib\asyncio\events.py", line 80, in _run
    self._context.run(self._callback, *self._args)
  File "C:\Users\Flud\AppData\Roaming\Python\Python311\site-packages\disnake\client.py", line 703, in _run_event
    await coro(*args, **kwargs)
  File "C:\Users\Flud\Desktop\CASHFLOW for Me\main.py", line 46, in on_ready
    if await Get().fetchone("SELECT * FROM BUY") is not None:
       ^^^^^^^^^^^^^^^^^^^^^^^^^^^^^^^^^^^^^^^^^
  File "C:\Users\Flud\Desktop\CASHFLOW for Me\base.py", line 89, in fetchone
    connection , cursor = await self.get_connection()
                          ^^^^^^^^^^^^^^^^^^^^^^^^^^^
  File "C:\Users\Flud\Desktop\CASHFLOW for Me\base.py", line 13, in get_connection
    connection = connect(
                 ^^^^^^^^
  File "C:\Users\Flud\AppData\Roaming\Python\Python311\site-packages\mysql\connector\pooling.py", line 323, in connect
    return MySQLConnection(*args, **kwargs)
           ^^^^^^^^^^^^^^^^^^^^^^^^^^^^^^^^
  File "C:\Users\Flud\AppData\Roaming\Python\Python311\site-packages\mysql\connector\connection.py", line 173, in __init__
    self.connect(**kwargs)
  File "C:\Users\Flud\AppData\Roaming\Python\Python311\site-packages\mysql\connector\abstracts.py", line 1363, in connect
    self._open_connection()
  File "C:\Users\Flud\AppData\Roaming\Python\Python311\site-packages\mysql\connector\connection.py", line 359, in _open_connection
    self._do_auth(
  File "C:\Users\Flud\AppData\Roaming\Python\Python311\site-packages\mysql\connector\connection.py", line 283, in _do_auth
    self._authenticator.setup_ssl(
  File "C:\Users\Flud\AppData\Roaming\Python\Python311\site-packages\mysql\connector\authentication.py", line 128, in setup_ssl
    ssl_context = sock.build_ssl_context(
                  ^^^^^^^^^^^^^^^^^^^^^^^
  File "C:\Users\Flud\AppData\Roaming\Python\Python311\site-packages\mysql\connector\network.py", line 574, in build_ssl_context
    context = ssl.create_default_context()
              ^^^^^^^^^^^^^^^^^^^^^^^^^^^^
  File "C:\Program Files\Python311\Lib\ssl.py", line 775, in create_default_context
    context.load_default_certs(purpose)
  File "C:\Program Files\Python311\Lib\ssl.py", line 596, in load_default_certs
    self._load_windows_store_certs(storename, purpose)
  File "C:\Program Files\Python311\Lib\ssl.py", line 588, in _load_windows_store_certs
    self.load_verify_locations(cadata=certs)
KeyboardInterrupt
2024-04-19 13:50:04,708 INFO BOT IS ON
2024-04-19 13:50:17,440 INFO Received signal to terminate bot and event loop.
2024-04-19 13:50:17,440 INFO Cleaning up tasks.
2024-04-19 13:50:17,440 INFO Cleaning up after 2 tasks.
2024-04-19 13:50:17,441 INFO All tasks finished cancelling.
2024-04-19 13:50:17,441 INFO Closing the event loop.
2024-04-19 13:51:05,166 INFO BOT IS ON
2024-04-19 13:52:29,239 INFO Received signal to terminate bot and event loop.
2024-04-19 13:52:29,241 INFO Cleaning up tasks.
2024-04-19 13:52:29,241 INFO Cleaning up after 2 tasks.
2024-04-19 13:52:29,245 INFO All tasks finished cancelling.
2024-04-19 13:52:29,246 INFO Closing the event loop.
2024-04-19 13:52:45,799 INFO BOT IS ON
2024-04-19 13:53:09,416 INFO Received signal to terminate bot and event loop.
2024-04-19 13:53:09,416 INFO Cleaning up tasks.
2024-04-19 13:53:09,416 INFO Cleaning up after 2 tasks.
2024-04-19 13:53:09,418 INFO All tasks finished cancelling.
2024-04-19 13:53:09,418 INFO Closing the event loop.
2024-04-19 13:54:13,955 INFO BOT IS ON
2024-04-19 13:54:33,042 INFO Received signal to terminate bot and event loop.
2024-04-19 13:54:33,042 INFO Cleaning up tasks.
2024-04-19 13:54:33,042 INFO Cleaning up after 2 tasks.
2024-04-19 13:54:33,043 INFO All tasks finished cancelling.
2024-04-19 13:54:33,043 INFO Closing the event loop.
2024-04-19 13:55:20,802 INFO BOT IS ON
2024-04-19 13:55:52,822 INFO Received signal to terminate bot and event loop.
2024-04-19 13:55:52,822 INFO Cleaning up tasks.
2024-04-19 13:55:52,823 INFO Cleaning up after 2 tasks.
2024-04-19 13:55:52,824 INFO All tasks finished cancelling.
2024-04-19 13:55:52,825 INFO Closing the event loop.
2024-04-19 15:23:38,907 INFO BOT IS ON
2024-04-19 15:23:53,879 INFO Received signal to terminate bot and event loop.
2024-04-19 15:23:53,879 INFO Cleaning up tasks.
2024-04-19 15:23:53,879 INFO Cleaning up after 2 tasks.
2024-04-19 15:23:53,880 INFO All tasks finished cancelling.
2024-04-19 15:23:53,881 INFO Closing the event loop.
2024-04-19 15:24:33,575 INFO BOT IS ON
2024-04-19 15:24:42,004 INFO Received signal to terminate bot and event loop.
2024-04-19 15:24:42,004 INFO Cleaning up tasks.
2024-04-19 15:24:42,004 INFO Cleaning up after 2 tasks.
2024-04-19 15:24:42,006 INFO All tasks finished cancelling.
2024-04-19 15:24:42,006 INFO Closing the event loop.
2024-04-19 15:25:32,163 INFO BOT IS ON
2024-04-19 15:26:04,287 INFO Received signal to terminate bot and event loop.
2024-04-19 15:26:04,287 INFO Cleaning up tasks.
2024-04-19 15:26:04,288 INFO Cleaning up after 2 tasks.
2024-04-19 15:26:04,289 INFO All tasks finished cancelling.
2024-04-19 15:26:04,289 INFO Closing the event loop.
2024-04-19 15:26:25,483 INFO BOT IS ON
2024-04-19 15:26:36,314 INFO Received signal to terminate bot and event loop.
2024-04-19 15:26:36,314 INFO Cleaning up tasks.
2024-04-19 15:26:36,314 INFO Cleaning up after 1 tasks.
2024-04-19 15:26:36,316 INFO All tasks finished cancelling.
2024-04-19 15:26:36,316 INFO Closing the event loop.
2024-04-19 15:26:36,497 ERROR Task exception was never retrieved
future: <Task finished name='disnake: on_ready' coro=<Client._run_event() done, defined at C:\Users\Flud\AppData\Roaming\Python\Python311\site-packages\disnake\client.py:695> exception=KeyboardInterrupt()>
Traceback (most recent call last):
  File "C:\Users\Flud\AppData\Roaming\Python\Python311\site-packages\disnake\client.py", line 1116, in run
    loop.run_forever()
  File "C:\Program Files\Python311\Lib\asyncio\windows_events.py", line 321, in run_forever
    super().run_forever()
  File "C:\Program Files\Python311\Lib\asyncio\base_events.py", line 607, in run_forever
    self._run_once()
  File "C:\Program Files\Python311\Lib\asyncio\base_events.py", line 1922, in _run_once
    handle._run()
  File "C:\Program Files\Python311\Lib\asyncio\events.py", line 80, in _run
    self._context.run(self._callback, *self._args)
  File "C:\Users\Flud\AppData\Roaming\Python\Python311\site-packages\disnake\client.py", line 703, in _run_event
    await coro(*args, **kwargs)
  File "C:\Users\Flud\Desktop\CASHFLOW for Me\main.py", line 80, in on_ready
    if await Get().fetchone("SELECT * FROM START") is not None:
       ^^^^^^^^^^^^^^^^^^^^^^^^^^^^^^^^^^^^^^^^^^^
  File "C:\Users\Flud\Desktop\CASHFLOW for Me\base.py", line 89, in fetchone
    connection , cursor = await self.get_connection()
                          ^^^^^^^^^^^^^^^^^^^^^^^^^^^
  File "C:\Users\Flud\Desktop\CASHFLOW for Me\base.py", line 13, in get_connection
    connection = connect(
                 ^^^^^^^^
  File "C:\Users\Flud\AppData\Roaming\Python\Python311\site-packages\mysql\connector\pooling.py", line 323, in connect
    return MySQLConnection(*args, **kwargs)
           ^^^^^^^^^^^^^^^^^^^^^^^^^^^^^^^^
  File "C:\Users\Flud\AppData\Roaming\Python\Python311\site-packages\mysql\connector\connection.py", line 173, in __init__
    self.connect(**kwargs)
  File "C:\Users\Flud\AppData\Roaming\Python\Python311\site-packages\mysql\connector\abstracts.py", line 1363, in connect
    self._open_connection()
  File "C:\Users\Flud\AppData\Roaming\Python\Python311\site-packages\mysql\connector\connection.py", line 359, in _open_connection
    self._do_auth(
  File "C:\Users\Flud\AppData\Roaming\Python\Python311\site-packages\mysql\connector\connection.py", line 283, in _do_auth
    self._authenticator.setup_ssl(
  File "C:\Users\Flud\AppData\Roaming\Python\Python311\site-packages\mysql\connector\authentication.py", line 128, in setup_ssl
    ssl_context = sock.build_ssl_context(
                  ^^^^^^^^^^^^^^^^^^^^^^^
  File "C:\Users\Flud\AppData\Roaming\Python\Python311\site-packages\mysql\connector\network.py", line 585, in build_ssl_context
    context.load_default_certs()
  File "C:\Program Files\Python311\Lib\ssl.py", line 596, in load_default_certs
    self._load_windows_store_certs(storename, purpose)
  File "C:\Program Files\Python311\Lib\ssl.py", line 580, in _load_windows_store_certs
    for cert, encoding, trust in enum_certificates(storename):
                                 ^^^^^^^^^^^^^^^^^^^^^^^^^^^^
KeyboardInterrupt
2024-04-19 15:28:31,505 INFO BOT IS ON
2024-04-19 15:28:46,395 INFO Received signal to terminate bot and event loop.
2024-04-19 15:28:46,395 INFO Cleaning up tasks.
2024-04-19 15:28:46,395 INFO Cleaning up after 2 tasks.
2024-04-19 15:28:46,396 INFO All tasks finished cancelling.
2024-04-19 15:28:46,396 INFO Closing the event loop.
2024-04-19 15:30:33,224 INFO BOT IS ON
2024-04-19 15:30:41,672 INFO Received signal to terminate bot and event loop.
2024-04-19 15:30:41,672 INFO Cleaning up tasks.
2024-04-19 15:30:41,672 INFO Cleaning up after 2 tasks.
2024-04-19 15:30:41,672 INFO All tasks finished cancelling.
2024-04-19 15:30:41,672 INFO Closing the event loop.
2024-04-19 15:31:46,185 INFO BOT IS ON
2024-04-19 15:31:58,969 INFO Received signal to terminate bot and event loop.
2024-04-19 15:31:58,969 INFO Cleaning up tasks.
2024-04-19 15:31:58,969 INFO Cleaning up after 2 tasks.
2024-04-19 15:31:58,970 INFO All tasks finished cancelling.
2024-04-19 15:31:58,970 INFO Closing the event loop.
2024-04-19 15:32:41,890 INFO BOT IS ON
2024-04-19 15:32:52,486 INFO Received signal to terminate bot and event loop.
2024-04-19 15:32:52,487 INFO Cleaning up tasks.
2024-04-19 15:32:52,487 INFO Cleaning up after 2 tasks.
2024-04-19 15:32:52,489 INFO All tasks finished cancelling.
2024-04-19 15:32:52,489 INFO Closing the event loop.
2024-04-19 15:35:09,472 INFO BOT IS ON
2024-04-19 15:35:17,966 INFO Received signal to terminate bot and event loop.
2024-04-19 15:35:17,966 INFO Cleaning up tasks.
2024-04-19 15:35:17,966 INFO Cleaning up after 2 tasks.
2024-04-19 15:35:17,967 INFO All tasks finished cancelling.
2024-04-19 15:35:17,967 INFO Closing the event loop.
2024-04-19 15:40:09,366 INFO BOT IS ON
2024-04-19 15:40:35,049 INFO Received signal to terminate bot and event loop.
2024-04-19 15:40:35,050 INFO Cleaning up tasks.
2024-04-19 15:40:35,052 INFO Cleaning up after 1 tasks.
2024-04-19 15:40:35,058 INFO All tasks finished cancelling.
2024-04-19 15:40:35,058 INFO Closing the event loop.
2024-04-19 15:40:35,286 ERROR Task exception was never retrieved
future: <Task finished name='disnake: on_ready' coro=<Client._run_event() done, defined at C:\Users\Flud\AppData\Roaming\Python\Python311\site-packages\disnake\client.py:695> exception=KeyboardInterrupt()>
Traceback (most recent call last):
  File "C:\Users\Flud\AppData\Roaming\Python\Python311\site-packages\disnake\client.py", line 1116, in run
    loop.run_forever()
  File "C:\Program Files\Python311\Lib\asyncio\windows_events.py", line 321, in run_forever
    super().run_forever()
  File "C:\Program Files\Python311\Lib\asyncio\base_events.py", line 607, in run_forever
    self._run_once()
  File "C:\Program Files\Python311\Lib\asyncio\base_events.py", line 1922, in _run_once
    handle._run()
  File "C:\Program Files\Python311\Lib\asyncio\events.py", line 80, in _run
    self._context.run(self._callback, *self._args)
  File "C:\Users\Flud\AppData\Roaming\Python\Python311\site-packages\disnake\client.py", line 703, in _run_event
    await coro(*args, **kwargs)
  File "C:\Users\Flud\Desktop\CASHFLOW for Me\main.py", line 80, in on_ready
    if await Get().fetchone("SELECT * FROM START") is not None:
       ^^^^^^^^^^^^^^^^^^^^^^^^^^^^^^^^^^^^^^^^^^^
  File "C:\Users\Flud\Desktop\CASHFLOW for Me\base.py", line 89, in fetchone
    connection , cursor = await self.get_connection()
                          ^^^^^^^^^^^^^^^^^^^^^^^^^^^
  File "C:\Users\Flud\Desktop\CASHFLOW for Me\base.py", line 13, in get_connection
    connection = connect(
                 ^^^^^^^^
  File "C:\Users\Flud\AppData\Roaming\Python\Python311\site-packages\mysql\connector\pooling.py", line 323, in connect
    return MySQLConnection(*args, **kwargs)
           ^^^^^^^^^^^^^^^^^^^^^^^^^^^^^^^^
  File "C:\Users\Flud\AppData\Roaming\Python\Python311\site-packages\mysql\connector\connection.py", line 173, in __init__
    self.connect(**kwargs)
  File "C:\Users\Flud\AppData\Roaming\Python\Python311\site-packages\mysql\connector\abstracts.py", line 1363, in connect
    self._open_connection()
  File "C:\Users\Flud\AppData\Roaming\Python\Python311\site-packages\mysql\connector\connection.py", line 359, in _open_connection
    self._do_auth(
  File "C:\Users\Flud\AppData\Roaming\Python\Python311\site-packages\mysql\connector\connection.py", line 283, in _do_auth
    self._authenticator.setup_ssl(
  File "C:\Users\Flud\AppData\Roaming\Python\Python311\site-packages\mysql\connector\authentication.py", line 128, in setup_ssl
    ssl_context = sock.build_ssl_context(
                  ^^^^^^^^^^^^^^^^^^^^^^^
  File "C:\Users\Flud\AppData\Roaming\Python\Python311\site-packages\mysql\connector\network.py", line 585, in build_ssl_context
    context.load_default_certs()
  File "C:\Program Files\Python311\Lib\ssl.py", line 596, in load_default_certs
    self._load_windows_store_certs(storename, purpose)
  File "C:\Program Files\Python311\Lib\ssl.py", line 588, in _load_windows_store_certs
    self.load_verify_locations(cadata=certs)
KeyboardInterrupt
2024-04-19 15:52:00,418 INFO BOT IS ON
2024-04-19 15:52:21,866 INFO Received signal to terminate bot and event loop.
2024-04-19 15:52:21,866 INFO Cleaning up tasks.
2024-04-19 15:52:21,866 INFO Cleaning up after 2 tasks.
2024-04-19 15:52:21,867 INFO All tasks finished cancelling.
2024-04-19 15:52:21,868 INFO Closing the event loop.
2024-04-19 16:03:30,151 INFO BOT IS ON
2024-04-19 16:03:38,734 INFO Received signal to terminate bot and event loop.
2024-04-19 16:03:38,734 INFO Cleaning up tasks.
2024-04-19 16:03:38,734 INFO Cleaning up after 1 tasks.
2024-04-19 16:03:38,737 INFO All tasks finished cancelling.
2024-04-19 16:03:38,737 INFO Closing the event loop.
2024-04-19 16:03:39,018 ERROR Task exception was never retrieved
future: <Task finished name='disnake: on_ready' coro=<Client._run_event() done, defined at C:\Users\Flud\AppData\Roaming\Python\Python311\site-packages\disnake\client.py:695> exception=KeyboardInterrupt()>
Traceback (most recent call last):
  File "C:\Users\Flud\AppData\Roaming\Python\Python311\site-packages\disnake\client.py", line 1116, in run
    loop.run_forever()
  File "C:\Program Files\Python311\Lib\asyncio\windows_events.py", line 321, in run_forever
    super().run_forever()
  File "C:\Program Files\Python311\Lib\asyncio\base_events.py", line 607, in run_forever
    self._run_once()
  File "C:\Program Files\Python311\Lib\asyncio\base_events.py", line 1922, in _run_once
    handle._run()
  File "C:\Program Files\Python311\Lib\asyncio\events.py", line 80, in _run
    self._context.run(self._callback, *self._args)
  File "C:\Users\Flud\AppData\Roaming\Python\Python311\site-packages\disnake\client.py", line 703, in _run_event
    await coro(*args, **kwargs)
  File "C:\Users\Flud\Desktop\CASHFLOW for Me\main.py", line 61, in on_ready
    if await Get().fetchone("SELECT * FROM SELL") is not None:
       ^^^^^^^^^^^^^^^^^^^^^^^^^^^^^^^^^^^^^^^^^^
  File "C:\Users\Flud\Desktop\CASHFLOW for Me\base.py", line 89, in fetchone
    connection , cursor = await self.get_connection()
                          ^^^^^^^^^^^^^^^^^^^^^^^^^^^
  File "C:\Users\Flud\Desktop\CASHFLOW for Me\base.py", line 13, in get_connection
    connection = connect(
                 ^^^^^^^^
  File "C:\Users\Flud\AppData\Roaming\Python\Python311\site-packages\mysql\connector\pooling.py", line 323, in connect
    return MySQLConnection(*args, **kwargs)
           ^^^^^^^^^^^^^^^^^^^^^^^^^^^^^^^^
  File "C:\Users\Flud\AppData\Roaming\Python\Python311\site-packages\mysql\connector\connection.py", line 173, in __init__
    self.connect(**kwargs)
  File "C:\Users\Flud\AppData\Roaming\Python\Python311\site-packages\mysql\connector\abstracts.py", line 1363, in connect
    self._open_connection()
  File "C:\Users\Flud\AppData\Roaming\Python\Python311\site-packages\mysql\connector\connection.py", line 359, in _open_connection
    self._do_auth(
  File "C:\Users\Flud\AppData\Roaming\Python\Python311\site-packages\mysql\connector\connection.py", line 283, in _do_auth
    self._authenticator.setup_ssl(
  File "C:\Users\Flud\AppData\Roaming\Python\Python311\site-packages\mysql\connector\authentication.py", line 128, in setup_ssl
    ssl_context = sock.build_ssl_context(
                  ^^^^^^^^^^^^^^^^^^^^^^^
  File "C:\Users\Flud\AppData\Roaming\Python\Python311\site-packages\mysql\connector\network.py", line 585, in build_ssl_context
    context.load_default_certs()
  File "C:\Program Files\Python311\Lib\ssl.py", line 596, in load_default_certs
    self._load_windows_store_certs(storename, purpose)
  File "C:\Program Files\Python311\Lib\ssl.py", line 588, in _load_windows_store_certs
    self.load_verify_locations(cadata=certs)
KeyboardInterrupt
2024-04-19 16:05:25,570 INFO BOT IS ON
2024-04-19 16:05:36,211 INFO Received signal to terminate bot and event loop.
2024-04-19 16:05:36,211 INFO Cleaning up tasks.
2024-04-19 16:05:36,211 INFO Cleaning up after 2 tasks.
2024-04-19 16:05:36,213 INFO All tasks finished cancelling.
2024-04-19 16:05:36,213 INFO Closing the event loop.
2024-04-19 16:07:26,197 INFO BOT IS ON
2024-04-19 16:07:41,093 INFO Received signal to terminate bot and event loop.
2024-04-19 16:07:41,093 INFO Cleaning up tasks.
2024-04-19 16:07:41,093 INFO Cleaning up after 2 tasks.
2024-04-19 16:07:41,096 INFO All tasks finished cancelling.
2024-04-19 16:07:41,096 INFO Closing the event loop.
2024-04-19 16:12:29,676 INFO BOT IS ON
2024-04-19 16:12:38,190 INFO Received signal to terminate bot and event loop.
2024-04-19 16:12:38,190 INFO Cleaning up tasks.
2024-04-19 16:12:38,190 INFO Cleaning up after 1 tasks.
2024-04-19 16:12:38,191 INFO All tasks finished cancelling.
2024-04-19 16:12:38,191 INFO Closing the event loop.
2024-04-19 16:12:38,383 ERROR Task exception was never retrieved
future: <Task finished name='disnake: on_ready' coro=<Client._run_event() done, defined at C:\Users\Flud\AppData\Roaming\Python\Python311\site-packages\disnake\client.py:695> exception=KeyboardInterrupt()>
Traceback (most recent call last):
  File "C:\Users\Flud\AppData\Roaming\Python\Python311\site-packages\disnake\client.py", line 1116, in run
    loop.run_forever()
  File "C:\Program Files\Python311\Lib\asyncio\windows_events.py", line 321, in run_forever
    super().run_forever()
  File "C:\Program Files\Python311\Lib\asyncio\base_events.py", line 607, in run_forever
    self._run_once()
  File "C:\Program Files\Python311\Lib\asyncio\base_events.py", line 1922, in _run_once
    handle._run()
  File "C:\Program Files\Python311\Lib\asyncio\events.py", line 80, in _run
    self._context.run(self._callback, *self._args)
  File "C:\Users\Flud\AppData\Roaming\Python\Python311\site-packages\disnake\client.py", line 703, in _run_event
    await coro(*args, **kwargs)
  File "C:\Users\Flud\Desktop\CASHFLOW for Me\main.py", line 46, in on_ready
    if await Get().fetchone("SELECT * FROM BUY") is not None:
       ^^^^^^^^^^^^^^^^^^^^^^^^^^^^^^^^^^^^^^^^^
  File "C:\Users\Flud\Desktop\CASHFLOW for Me\base.py", line 89, in fetchone
    connection , cursor = await self.get_connection()
                          ^^^^^^^^^^^^^^^^^^^^^^^^^^^
  File "C:\Users\Flud\Desktop\CASHFLOW for Me\base.py", line 13, in get_connection
    connection = connect(
                 ^^^^^^^^
  File "C:\Users\Flud\AppData\Roaming\Python\Python311\site-packages\mysql\connector\pooling.py", line 323, in connect
    return MySQLConnection(*args, **kwargs)
           ^^^^^^^^^^^^^^^^^^^^^^^^^^^^^^^^
  File "C:\Users\Flud\AppData\Roaming\Python\Python311\site-packages\mysql\connector\connection.py", line 173, in __init__
    self.connect(**kwargs)
  File "C:\Users\Flud\AppData\Roaming\Python\Python311\site-packages\mysql\connector\abstracts.py", line 1363, in connect
    self._open_connection()
  File "C:\Users\Flud\AppData\Roaming\Python\Python311\site-packages\mysql\connector\connection.py", line 359, in _open_connection
    self._do_auth(
  File "C:\Users\Flud\AppData\Roaming\Python\Python311\site-packages\mysql\connector\connection.py", line 283, in _do_auth
    self._authenticator.setup_ssl(
  File "C:\Users\Flud\AppData\Roaming\Python\Python311\site-packages\mysql\connector\authentication.py", line 128, in setup_ssl
    ssl_context = sock.build_ssl_context(
                  ^^^^^^^^^^^^^^^^^^^^^^^
  File "C:\Users\Flud\AppData\Roaming\Python\Python311\site-packages\mysql\connector\network.py", line 585, in build_ssl_context
    context.load_default_certs()
  File "C:\Program Files\Python311\Lib\ssl.py", line 596, in load_default_certs
    self._load_windows_store_certs(storename, purpose)
  File "C:\Program Files\Python311\Lib\ssl.py", line 588, in _load_windows_store_certs
    self.load_verify_locations(cadata=certs)
KeyboardInterrupt
2024-04-19 16:15:53,330 INFO BOT IS ON
2024-04-19 16:16:03,959 INFO Received signal to terminate bot and event loop.
2024-04-19 16:16:03,959 INFO Cleaning up tasks.
2024-04-19 16:16:03,959 INFO Cleaning up after 2 tasks.
2024-04-19 16:16:03,960 INFO All tasks finished cancelling.
2024-04-19 16:16:03,960 INFO Closing the event loop.
